
SQL*Loader: Release 12.1.0.2.0 - Production on Mon Aug 14 13:51:13 2017

Copyright (c) 1982, 2014, Oracle and/or its affiliates.  All rights reserved.

Control File:   HEDIS_VALUE_SETS.ctl
Data File:      HEDIS_Value_Sets.txt
  Bad File:     HEDIS_Value_Sets.bad
  Discard File:  none specified
 
 (Allow all discards)

Number to load: ALL
Number to skip: 0
Errors allowed: 50
Bind array:     64 rows, maximum of 256000 bytes
Continuation:    none specified
Path used:      Conventional

Table REF_HEDIS_VALUE_SETS, loaded from every logical record.
Insert option in effect for this table: APPEND

   Column Name                  Position   Len  Term Encl Datatype
------------------------------ ---------- ----- ---- ---- ---------------------
VALUE_SET_NAME                      FIRST     *  WHT      CHARACTER            
VALUE_SET_OID                        NEXT     *  WHT      CHARACTER            
VALUE_SET_VERSION                    NEXT     *  WHT      CHARACTER            
CODE                                 NEXT     *  WHT      CHARACTER            
DEFINITION                           NEXT   512  WHT      CHARACTER            
CODE_SYSTEM                          NEXT     *  WHT      CHARACTER            
CODE_SYSTEM_OID                      NEXT     *  WHT      CHARACTER            
CODE_SYSTEM_VERSION                  NEXT     *  WHT      CHARACTER            


Table REF_HEDIS_VALUE_SETS:
  109832 Rows successfully loaded.
  0 Rows not loaded due to data errors.
  0 Rows not loaded because all WHEN clauses were failed.
  0 Rows not loaded because all fields were null.


Space allocated for bind array:                 148480 bytes(64 rows)
Read   buffer bytes: 1048576

Total logical records skipped:          0
Total logical records read:        109832
Total logical records rejected:         0
Total logical records discarded:        0

Run began on Mon Aug 14 13:51:13 2017
Run ended on Mon Aug 14 13:51:33 2017

Elapsed time was:     00:00:20.01
CPU time was:         00:00:01.81
